Arguments: 
  D:\Program Files\nodejs\node.exe C:\Users\Taylor\AppData\Roaming\npm\node_modules\yarn\bin\yarn.js start

PATH: 
  C:\ProgramData\Oracle\Java\javapath;C:\Windows\system32;C:\Windows;C:\Windows\System32\Wbem;C:\Windows\System32\WindowsPowerShell\v1.0\;D:\Program Files\nodejs\;C:\Program Files (x86)\NVIDIA Corporation\PhysX\Common;C:\Program Files\MongoDB\Server\3.6\bin;D:\Program Files\Git\cmd;C:\Users\Taylor\AppData\Local\Microsoft\WindowsApps;;D:\Program Files\Microsoft VS Code\bin;C:\Users\Taylor\AppData\Roaming\npm;D:\Program Files\Heroku\bin

Yarn version: 
  1.5.1

Node version: 
  9.8.0

Platform: 
  win32 x64

npm manifest: 
  No manifest

yarn manifest: 
  No manifest

Lockfile: 
  No lockfile

Trace: 
  Error: Couldn't find a package.json file in "C:\\Users\\Taylor\\Desktop\\Boot Camp stuff\\ReactStatePractice"
      at new MessageError (C:\Users\Taylor\AppData\Roaming\npm\node_modules\yarn\lib\cli.js:186:110)
      at C:\Users\Taylor\AppData\Roaming\npm\node_modules\yarn\lib\cli.js:40048:15
      at Generator.next (<anonymous>)
      at step (C:\Users\Taylor\AppData\Roaming\npm\node_modules\yarn\lib\cli.js:98:30)
      at C:\Users\Taylor\AppData\Roaming\npm\node_modules\yarn\lib\cli.js:109:13
      at <anonymous>
